<?xml version="1.0" encoding="UTF-8"?>
<testng-results skipped="0" failed="0" total="1" passed="1">
  <reporter-output>
  </reporter-output>
  <suite name="Default suite" duration-ms="11053" started-at="2018-02-22T11:03:58Z" finished-at="2018-02-22T11:04:09Z">
    <groups>
    </groups>
    <test name="Default test" duration-ms="11053" started-at="2018-02-22T11:03:58Z" finished-at="2018-02-22T11:04:09Z">
      <class name="com.test.automation.uiAutomation.homePage.TC001_VerifyLoginWithInvalidCredentials">
        <test-method status="PASS" signature="setUp()[pri:0, instance:com.test.automation.uiAutomation.homePage.TC001_VerifyLoginWithInvalidCredentials@4c70fda8]" name="setUp" is-config="true" duration-ms="8518" started-at="2018-02-22T11:03:58Z" finished-at="2018-02-22T11:04:06Z">
          <reporter-output>
          </reporter-output>
        </test-method> <!-- setUp -->
        <test-method status="PASS" signature="verifyLoginWithInvalidCredentials()[pri:0, instance:com.test.automation.uiAutomation.homePage.TC001_VerifyLoginWithInvalidCredentials@4c70fda8]" name="verifyLoginWithInvalidCredentials" duration-ms="2384" started-at="2018-02-22T11:04:06Z" finished-at="2018-02-22T11:04:09Z">
          <reporter-output>
          </reporter-output>
        </test-method> <!-- verifyLoginWithInvalidCredentials -->
        <test-method status="PASS" signature="endTest()[pri:0, instance:com.test.automation.uiAutomation.homePage.TC001_VerifyLoginWithInvalidCredentials@4c70fda8]" name="endTest" is-config="true" duration-ms="134" started-at="2018-02-22T11:04:09Z" finished-at="2018-02-22T11:04:09Z">
          <reporter-output>
          </reporter-output>
        </test-method> <!-- endTest -->
      </class> <!-- com.test.automation.uiAutomation.homePage.TC001_VerifyLoginWithInvalidCredentials -->
    </test> <!-- Default test -->
  </suite> <!-- Default suite -->
</testng-results>
