<?xml version="1.0" encoding="UTF-8"?>
<testng-results skipped="0" failed="0" total="1" passed="1">
  <reporter-output>
  </reporter-output>
  <suite name="Default suite" duration-ms="19132" started-at="2018-02-22T22:15:23Z" finished-at="2018-02-22T22:15:42Z">
    <groups>
    </groups>
    <test name="Default test" duration-ms="19132" started-at="2018-02-22T22:15:23Z" finished-at="2018-02-22T22:15:42Z">
      <class name="com.test.automation.uiAutomation.homePage.TC002_AddProductToCard">
        <test-method status="PASS" signature="setUp()[pri:0, instance:com.test.automation.uiAutomation.homePage.TC002_AddProductToCard@e25b2fe]" name="setUp" is-config="true" duration-ms="6166" started-at="2018-02-22T22:15:23Z" finished-at="2018-02-22T22:15:29Z">
          <reporter-output>
          </reporter-output>
        </test-method> <!-- setUp -->
        <test-method status="PASS" signature="verifyAddProductToCard()[pri:0, instance:com.test.automation.uiAutomation.homePage.TC002_AddProductToCard@e25b2fe]" name="verifyAddProductToCard" duration-ms="12844" started-at="2018-02-22T22:15:29Z" finished-at="2018-02-22T22:15:42Z">
          <reporter-output>
          </reporter-output>
        </test-method> <!-- verifyAddProductToCard -->
        <test-method status="PASS" signature="endTest()[pri:0, instance:com.test.automation.uiAutomation.homePage.TC002_AddProductToCard@e25b2fe]" name="endTest" is-config="true" duration-ms="104" started-at="2018-02-22T22:15:42Z" finished-at="2018-02-22T22:15:42Z">
          <reporter-output>
          </reporter-output>
        </test-method> <!-- endTest -->
      </class> <!-- com.test.automation.uiAutomation.homePage.TC002_AddProductToCard -->
    </test> <!-- Default test -->
  </suite> <!-- Default suite -->
</testng-results>
